<?xml version="1.0" encoding="UTF-8"?>
<!-- Generated by org.testng.reporters.JUnitReportReporter -->
<testsuite hostname="DESKTOP-IVPDQQL" failures="0" tests="3" name="testcases.TC_001_LandingPageValidation" time="2.749" errors="0" timestamp="2024-04-05T21:48:04 IST" skipped="0">
  <testcase classname="testcases.TC_001_LandingPageValidation" name="loginPageValidation" time="0.550"/>
  <testcase classname="testcases.TC_001_LandingPageValidation" name="landingPageValidation" time="1.126"/>
  <testcase classname="testcases.TC_001_LandingPageValidation" name="loginPageValidation" time="1.073"/>
  <system-out>
    <![CDATA[suit level execution started
test level execution started]]>
  </system-out>
</testsuite> <!-- testcases.TC_001_LandingPageValidation -->
